"D:/UnrealProjects/UE4SummerJam/Content/UE4SummerJam/Sound/Cartoon__Swipe_2_SND15408.uasset" 0
"D:/UnrealProjects/UE4SummerJam/Content/UE4SummerJam/Sound/Design__Whoosh__Airy__Short_12_SND11929.uasset" 1
"D:/UnrealProjects/UE4SummerJam/Content/UE4SummerJam/Sound/foot1.uasset" 2
"D:/UnrealProjects/UE4SummerJam/Content/UE4SummerJam/Sound/foot2.uasset" 3
"D:/UnrealProjects/UE4SummerJam/Content/UE4SummerJam/Sound/foot3.uasset" 4
"D:/UnrealProjects/UE4SummerJam/Content/UE4SummerJam/Sound/foot4.uasset" 5
"D:/UnrealProjects/UE4SummerJam/Content/UE4SummerJam/Sound/ice1.uasset" 6
"D:/UnrealProjects/UE4SummerJam/Content/UE4SummerJam/Sound/ice2.uasset" 7
"D:/UnrealProjects/UE4SummerJam/Content/UE4SummerJam/Sound/lose.uasset" 8
"D:/UnrealProjects/UE4SummerJam/Content/UE4SummerJam/Sound/transition.uasset" 9
"D:/UnrealProjects/UE4SummerJam/Content/UE4SummerJam/Sound/wind1.uasset" 10
"D:/UnrealProjects/UE4SummerJam/Content/UE4SummerJam/Sound/wind.uasset" 11
"../../../Engine/Content/Animation/DefaultAnimCurveCompressionSettings.uasset" 12
"../../../Engine/Content/Functions/Engine_MaterialFunctions01/Opacity/CameraDepthFade.uasset" 13
"../../../Engine/Content/EngineMaterials/T_Default_Material_Grid_M.uasset" 14
"../../../Engine/Content/EngineMaterials/T_Default_Material_Grid_N.uasset" 15
"../../../Engine/Content/EngineMaterials/WorldGridMaterial.uasset" 16
"../../../Engine/Content/ArtTools/RenderToTexture/Meshes/S_1_Unit_Plane.uasset" 17
"../../../Engine/Content/EngineMaterials/DefaultMaterial.uasset" 18
"../../../Engine/Content/BasicShapes/Cone.uasset" 19
"../../../Engine/Content/BasicShapes/Cylinder.uasset" 20
"../../../Engine/Content/EditorLandscapeResources/DataLayer.uasset" 21
"../../../Engine/Content/EditorMaterials/GizmoMaterial.uasset" 22
"../../../Engine/Content/EditorMaterials/MAT_Groups_Toggle.uasset" 23
"../../../Engine/Content/EditorMaterials/MAT_Groups_Visibility.uasset" 24
"../../../Engine/Content/EditorMaterials/PreviewShadowIndicator.uasset" 25
"../../../Engine/Content/EditorMaterials/PreviewShadowIndicatorMaterial.uasset" 26
"../../../Engine/Content/EditorMaterials/MatineeGroups/MAT_ColorTrack.uasset" 27
"../../../Engine/Content/EditorMaterials/MatineeGroups/MAT_Groups_Anim.uasset" 28
"../../../Engine/Content/EditorMaterials/MatineeGroups/MAT_Groups_AudioMaster.uasset" 29
"../../../Engine/Content/EditorMaterials/MatineeGroups/MAT_Groups_Director.uasset" 30
"../../../Engine/Content/EditorMaterials/MatineeGroups/MAT_Groups_Event.uasset" 31
"../../../Engine/Content/EditorMaterials/MatineeGroups/MAT_Groups_Fade.uasset" 32
"../../../Engine/Content/EditorMaterials/MatineeGroups/MAT_Groups_Float.uasset" 33
"../../../Engine/Content/EditorMaterials/MatineeGroups/MAT_Groups_Move.uasset" 34
"../../../Engine/Content/EditorMaterials/MatineeGroups/MAT_Groups_Slomo.uasset" 35
"../../../Engine/Content/EditorMaterials/MatineeGroups/MAT_Groups_Sound.uasset" 36
"../../../Engine/Content/EditorMaterials/MatineeGroups/MAT_Groups_Vector.uasset" 37
"../../../Engine/Content/EditorMaterials/ParticleSystems/PSysThumbnail_NoImage.uasset" 38
"../../../Engine/Content/EditorMaterials/ParticleSystems/PSysThumbnail_OOD.uasset" 39
"../../../Engine/Content/EditorMaterials/Camera/CineMat.uasset" 40
"../../../Engine/Content/EditorMaterials/Camera/MI_CineMat_Rig.uasset" 41
"../../../Engine/Content/EditorMeshes/Camera/SM_CraneRig_Arm.uasset" 42
"../../../Engine/Content/EditorMeshes/Camera/SM_CraneRig_Base.uasset" 43
"../../../Engine/Content/EditorMeshes/Camera/SM_CraneRig_Body.uasset" 44
"../../../Engine/Content/EditorMeshes/Camera/SM_CraneRig_Mount.uasset" 45
"../../../Engine/Content/EditorMeshes/Camera/SM_RailRig_Mount.uasset" 46
"../../../Engine/Content/EditorMeshes/Camera/SM_RailRig_Track.uasset" 47
"../../../Engine/Content/EditorResources/BSPVertex.uasset" 48
"../../../Engine/Content/EditorResources/EmptyActor.uasset" 49
"../../../Engine/Content/EditorResources/S_Actor.uasset" 50
"../../../Engine/Content/EditorResources/S_Note.uasset" 51
"../../../Engine/Content/EditorResources/S_Trigger.uasset" 52
"../../../Engine/Content/EditorResources/AudioIcons/S_AudioComponent_AutoActivate.uasset" 53
"../../../Engine/Content/EditorResources/LightIcons/S_LightError.uasset" 54
"../../../Engine/Content/EditorResources/SequenceRecorder/Countdown.uasset" 55
"../../../Engine/Content/EditorResources/SequenceRecorder/RecordingIndicator.uasset" 56
"../../../Engine/Content/EditorSounds/Notifications/CompileFailed.uasset" 57
"../../../Engine/Content/EditorSounds/Notifications/CompileFailed_Cue.uasset" 58
"../../../Engine/Content/EditorSounds/Notifications/CompileSuccess.uasset" 59
"../../../Engine/Content/EditorSounds/Notifications/CompileStart_Cue.uasset" 60
"../../../Engine/Content/EditorSounds/Notifications/CompileSuccess_Cue.uasset" 61
"../../../Engine/Content/EngineDamageTypes/DmgTypeBP_Environmental.uasset" 62
"../../../Engine/Content/EngineDebugMaterials/HeatmapGradient.uasset" 63
"../../../Engine/Content/EngineDebugMaterials/BoneWeightMaterial.uasset" 64
"../../../Engine/Content/EngineDebugMaterials/ClothMaterial.uasset" 65
"../../../Engine/Content/EngineDebugMaterials/ClothMaterial_WF.uasset" 66
"../../../Engine/Content/EngineDebugMaterials/DebugEditorMaterial.uasset" 67
"../../../Engine/Content/EngineDebugMaterials/DebugMeshMaterial.uasset" 68
"../../../Engine/Content/EngineDebugMaterials/GeomMaterial.uasset" 69
"../../../Engine/Content/EngineDebugMaterials/M_SimpleTranslucent.uasset" 70
"../../../Engine/Content/EngineFonts/Faces/RobotoTiny.uasset" 71
"../../../Engine/Content/EngineFonts/RobotoTiny.uasset" 72
"../../../Engine/Content/EngineMaterials/BaseFlattenDiffuseMap.uasset" 73
"../../../Engine/Content/EngineMaterials/BaseFlattenEmissiveMap.uasset" 74
"../../../Engine/Content/EngineMaterials/BaseFlattenGrayscaleMap.uasset" 75
"../../../Engine/Content/EngineMaterials/BaseFlattenNormalMap.uasset" 76
"../../../Engine/Content/EngineMaterials/BaseFlattenMaterial.uasset" 77
"../../../Engine/Content/EngineMaterials/DefaultBloomKernel.uasset" 78
"../../../Engine/Content/EngineMaterials/DefaultBokeh.uasset" 79
"../../../Engine/Content/EngineMaterials/DefaultDiffuse.uasset" 80
"../../../Engine/Content/EngineMaterials/DefaultDeferredDecalMaterial.uasset" 81
"../../../Engine/Content/EngineMaterials/DefaultLightFunctionMaterial.uasset" 82
"../../../Engine/Content/Functions/Engine_MaterialFunctions02/Utility/BreakOutFloat2Components.uasset" 83
"../../../Engine/Content/EngineMaterials/DefaultPostProcessMaterial.uasset" 84
"../../../Engine/Content/EngineFonts/RobotoDistanceField.uasset" 85
"../../../Engine/Content/EngineMaterials/DefaultTextMaterialOpaque.uasset" 86
"../../../Engine/Content/EngineMaterials/DefaultWhiteGrid.uasset" 87
"../../../Engine/Content/EngineMaterials/EditorBrushMaterial.uasset" 88
"../../../Engine/Content/EngineMaterials/Good64x64TilingNoiseHighFreq.uasset" 89
"../../../Engine/Content/EngineMaterials/MiniFont.uasset" 90
"../../../Engine/Content/EngineMaterials/InvalidLightmapSettings.uasset" 91
"../../../Engine/Content/EngineMaterials/M_InvalidLightmapSettings.uasset" 92
"../../../Engine/Content/Functions/Engine_MaterialFunctions02/WorldPositionOffset/CameraOffset.uasset" 93
"../../../Engine/Content/EngineMaterials/PhAT_JointLimitMaterial.uasset" 94
"../../../Engine/Content/EngineMaterials/PreintegratedSkinBRDF.uasset" 95
"../../../Engine/Content/EngineMaterials/RemoveSurfaceMaterial.uasset" 96
"../../../Engine/Content/EngineMaterials/WeightMapPlaceholderTexture.uasset" 97
"../../../Engine/Content/EngineResources/WhiteSquareTexture.uasset" 98
"../../../Engine/Content/EngineMaterials/Widget3DPassThrough.uasset" 99
"../../../Engine/Content/EngineMaterials/Widget3DPassThrough_Masked.uasset" 100
"../../../Engine/Content/EngineMaterials/Widget3DPassThrough_Opaque.uasset" 101
"../../../Engine/Content/EngineMaterials/Widget3DPassThrough_Masked_OneSided.uasset" 102
"../../../Engine/Content/EngineMaterials/Widget3DPassThrough_Opaque_OneSided.uasset" 103
"../../../Engine/Content/EngineMaterials/Widget3DPassThrough_Translucent.uasset" 104
"../../../Engine/Content/EngineMaterials/Widget3DPassThrough_Translucent_OneSided.uasset" 105
"../../../Engine/Content/EngineMeshes/Cylinder.uasset" 106
"../../../Engine/Content/EngineMeshes/Sphere.uasset" 107
"../../../Engine/Content/EngineResources/Black.uasset" 108
"../../../Engine/Content/EngineResources/DefaultTexture.uasset" 109
"../../../Engine/Content/EngineResources/DefaultTextureCube.uasset" 110
"../../../Engine/Content/EngineResources/DefaultVolumeTexture2D.uasset" 111
"../../../Engine/Content/EngineResources/DefaultVolumeTexture.uasset" 112
"../../../Engine/Content/EngineResources/GradientTexture0.uasset" 113
"../../../Engine/Content/EngineSounds/Master.uasset" 114
"../../../Engine/Content/Functions/Engine_MaterialFunctions01/Shading/ConvertFromDiffSpec.uasset" 115
"../../../Engine/Content/Functions/Engine_MaterialFunctions01/Shading/PowerToRoughness.uasset" 116
"../../../Engine/Content/Maps/Templates/Thumbnails/Default.uasset" 117
"../../../Engine/Content/Maps/Templates/Thumbnails/VR-Basic.uasset" 118
"../../../Engine/Content/MobileResources/T_MobileControls_texture.uasset" 119
"../../../Engine/Content/MobileResources/T_MobileMenu2.uasset" 120
"../../../Engine/Content/MobileResources/HUD/AnalogHat.uasset" 121
"../../../Engine/Content/MobileResources/HUD/VirtualJoystick_Background.uasset" 122
"../../../Engine/Content/MobileResources/HUD/VirtualJoystick_Thumb.uasset" 123
"../../../Engine/Content/MobileResources/HUD/DefaultVirtualJoysticks.uasset" 124
"../../../Engine/Content/MobileResources/HUD/LeftVirtualJoystickOnly.uasset" 125
"../../../Engine/Content/MobileResources/HUD/MobileHUDButton1_off.uasset" 126
"../../../Engine/Content/MobileResources/HUD/MobileHUDButton1_on.uasset" 127
"../../../Engine/Content/MobileResources/HUD/MobileHUDButton2_off.uasset" 128
"../../../Engine/Content/MobileResources/HUD/MobileHUDButton2_on.uasset" 129
"../../../Engine/Content/MobileResources/HUD/MobileHUDButton3.uasset" 130
"../../../Engine/Content/MobileResources/HUD/MobileHUDButtonFire.uasset" 131
"../../../Engine/Content/MobileResources/HUD/MobileHUDDirectionPad.uasset" 132
"../../../Engine/Content/MobileResources/HUD/MobileHUDDirectionPad2.uasset" 133
"../../../Engine/Content/MobileResources/HUD/MobileHUDDirectionPad3.uasset" 134
"../../../Engine/Content/MobileResources/HUD/MobileHUDDirectionStick.uasset" 135
"../../../Engine/Content/MobileResources/HUD/T_Castle_ThumbstickInner.uasset" 136
"../../../Engine/Content/MobileResources/HUD/T_Castle_ThumbstickOutter.uasset" 137
"../../../Engine/Content/Tutorial/ContentIntroCurve.uasset" 138
"../../../Engine/Content/Tutorial/Basics/LevelEditorAttract.uasset" 139
"../../../Engine/Content/VREditor/LaserPointer/VR_LaserPower_01.uasset" 140
"../../../Engine/Content/VREditor/TransformGizmo/TransformGizmoMaterial.uasset" 141
"../../../Engine/Content/VREditor/TransformGizmo/TranslucentTransformGizmoMaterial.uasset" 142
"../../../Engine/Content/VREditor/TransformGizmo/BoundingBoxCorner.uasset" 143
"../../../Engine/Content/VREditor/TransformGizmo/BoundingBoxEdge.uasset" 144
"../../../Engine/Content/VREditor/TransformGizmo/PlaneTranslationHandle.uasset" 145
"../../../Engine/Content/VREditor/TransformGizmo/Main.uasset" 146
"../../../Engine/Content/VREditor/TransformGizmo/Xray.uasset" 147
"../../../Engine/Content/VREditor/TransformGizmo/SM_Sequencer_Key.uasset" 148
"../../../Engine/Content/VREditor/TransformGizmo/SM_Sequencer_Node.uasset" 149
"../../Plugins/2D/Paper2D/Content/PlaceholderTextures/DummySpriteTexture.uasset" 150
"../../Plugins/2D/Paper2D/Content/DummySprite.uasset" 151
"../../Plugins/2D/Paper2D/Content/DefaultPaperTerrainMaterial.uasset" 152
"../../Plugins/2D/Paper2D/Content/DummySpriteTexture.uasset" 153
"../../Plugins/2D/Paper2D/Content/DefaultSpriteMaterial.uasset" 154
"../../Plugins/2D/Paper2D/Content/MaskedUnlitSpriteMaterial.uasset" 155
"../../Plugins/2D/Paper2D/Content/OpaqueUnlitSpriteMaterial.uasset" 156
"../../Plugins/Runtime/Oculus/OculusVR/Content/OculusMR_RenderTarget.uasset" 157
"../../../Engine/Content/Functions/Engine_MaterialFunctions02/Utility/BreakOutFloat4Components.uasset" 158
"../../../Engine/Content/Functions/Engine_MaterialFunctions02/Utility/MakeFloat2.uasset" 159
"../../../Engine/Content/Functions/Engine_MaterialFunctions02/Utility/MakeFloat3.uasset" 160
"../../Plugins/Runtime/Oculus/OculusVR/Content/Materials/OculusMR_ChromaKey.uasset" 161
"../../Plugins/Runtime/Oculus/OculusVR/Content/Materials/OculusMR_ChromaKey_Lit.uasset" 162
"../../Plugins/Runtime/Oculus/OculusVR/Content/Materials/OculusMR_OpaqueColoredMaterial.uasset" 163
"../../Plugins/Runtime/Oculus/OculusVR/Content/Materials/OculusMR_WhiteMaterial.uasset" 164
"../../Plugins/Runtime/Oculus/OculusVR/Content/Materials/PokeAHoleMaterial.uasset" 165
"../../Plugins/Runtime/Oculus/OculusVR/Content/Textures/GearVRController_AO.uasset" 166
"../../Plugins/Runtime/Oculus/OculusVR/Content/Textures/GearVRController_Color.uasset" 167
"../../Plugins/Runtime/Oculus/OculusVR/Content/Textures/GearVRController_Normal.uasset" 168
"../../Plugins/Runtime/Oculus/OculusVR/Content/Materials/GearVRControllerMaterial.uasset" 169
"../../Plugins/Runtime/Oculus/OculusVR/Content/Meshes/GearVrController.uasset" 170
"../../Plugins/Runtime/Oculus/OculusVR/Content/Textures/touchController_albedo.uasset" 171
"../../Plugins/Runtime/Oculus/OculusVR/Content/Textures/touchController_controlmap.uasset" 172
"../../Plugins/Runtime/Oculus/OculusVR/Content/Materials/touchController_mat.uasset" 173
"../../Plugins/Runtime/Oculus/OculusVR/Content/Meshes/LeftTouchController.uasset" 174
"../../Plugins/Runtime/Oculus/OculusVR/Content/Meshes/RiftHMD.uasset" 175
"../../Plugins/Runtime/Oculus/OculusVR/Content/Meshes/RightTouchController.uasset" 176
"D:/UnrealProjects/UE4SummerJam/Content/UE4SummerJam/Characters/OldMan/old_man_rigged_Skeleton.uasset" 177
"D:/UnrealProjects/UE4SummerJam/Content/UE4SummerJam/Sound/Footsteps.uasset" 178
"D:/UnrealProjects/UE4SummerJam/Content/Standard_Walk.uasset" 179
"D:/UnrealProjects/UE4SummerJam/Content/UE4SummerJam/Characters/OldMan/Idle.uasset" 180
"D:/UnrealProjects/UE4SummerJam/Content/UE4SummerJam/Characters/OldMan/AnimBP_OldMan.uasset" 181
"D:/UnrealProjects/UE4SummerJam/Content/UE4SummerJam/Environment/Updates/Old_man/New_textures/Old_man003_Normal.uasset" 182
"D:/UnrealProjects/UE4SummerJam/Content/UE4SummerJam/Environment/Updates/Old_man/New_textures/Old_man003_OcclusionRoughnessMetallic.uasset" 183
"D:/UnrealProjects/UE4SummerJam/Content/UE4SummerJam/Environment/Updates/Old_man/New_textures/Old_man_BaseColor.uasset" 184
"D:/UnrealProjects/UE4SummerJam/Content/UE4SummerJam/Environment/Updates/Old_man/lambert14.uasset" 185
"D:/UnrealProjects/UE4SummerJam/Content/UE4SummerJam/Environment/Updates/Old_man/T-Pose_old_man_PhysicsAsset.uasset" 186
"D:/UnrealProjects/UE4SummerJam/Content/UE4SummerJam/Environment/Updates/Old_man/T-Pose_old_man.uasset" 187
"D:/UnrealProjects/UE4SummerJam/Content/UE4SummerJam/Characters/BP_2DCharacter.uasset" 188
"../../../Engine/Content/EditorBlueprintResources/StandardMacros.uasset" 189
"D:/UnrealProjects/UE4SummerJam/Content/UE4SummerJam/UI/WBP_PauseScreen.uasset" 190
"D:/UnrealProjects/UE4SummerJam/Content/UE4SummerJam/Core/BP_PlayerController.uasset" 191
"D:/UnrealProjects/UE4SummerJam/Content/UE4SummerJam/Sound/fail.uasset" 192
"D:/UnrealProjects/UE4SummerJam/Content/Movies/Ending.uasset" 193
"D:/UnrealProjects/UE4SummerJam/Content/UE4SummerJam/Loopiejuice-Regular.uasset" 194
"D:/UnrealProjects/UE4SummerJam/Content/UE4SummerJam/Loopiejuice-Regular_Font.uasset" 195
"D:/UnrealProjects/UE4SummerJam/Content/EndingMediaPlayer.uasset" 196
"D:/UnrealProjects/UE4SummerJam/Content/EndingMediaPlayer_Video.uasset" 197
"D:/UnrealProjects/UE4SummerJam/Content/UE4SummerJam/button_texture.uasset" 198
"D:/UnrealProjects/UE4SummerJam/Content/UE4SummerJam/Sound/win_music.uasset" 199
"D:/UnrealProjects/UE4SummerJam/Content/UE4SummerJam/UI/WBP_EndingScreen.uasset" 200
"D:/UnrealProjects/UE4SummerJam/Content/Movies/Failure001.uasset" 201
"D:/UnrealProjects/UE4SummerJam/Content/FailureMediaPlayer.uasset" 202
"D:/UnrealProjects/UE4SummerJam/Content/FailureMediaPlayer_Video.uasset" 203
"D:/UnrealProjects/UE4SummerJam/Content/UE4SummerJam/UI/WBP_GameOverScreen.uasset" 204
"../../../Engine/Content/EngineFonts/Faces/RobotoBold.uasset" 205
"../../../Engine/Content/EngineFonts/Faces/RobotoBoldItalic.uasset" 206
"../../../Engine/Content/EngineFonts/Faces/RobotoItalic.uasset" 207
"../../../Engine/Content/EngineFonts/Faces/RobotoLight.uasset" 208
"../../../Engine/Content/EngineFonts/Faces/RobotoRegular.uasset" 209
"../../../Engine/Content/EngineFonts/Roboto.uasset" 210
"D:/UnrealProjects/UE4SummerJam/Content/UE4SummerJam/RichText.uasset" 211
"D:/UnrealProjects/UE4SummerJam/Content/UE4SummerJam/UI/WBP_ObjectiveUI.uasset" 212
"D:/UnrealProjects/UE4SummerJam/Content/UE4SummerJam/Core/BP_MainGameMode.uasset" 213
"D:/UnrealProjects/UE4SummerJam/Content/UE4SummerJam/Sound/win.uasset" 214
"D:/UnrealProjects/UE4SummerJam/Content/success001.uasset" 215
"D:/UnrealProjects/UE4SummerJam/Content/SuccessMediaPlayer.uasset" 216
"D:/UnrealProjects/UE4SummerJam/Content/NewMediaPlayer_Video.uasset" 217
"D:/UnrealProjects/UE4SummerJam/Content/UE4SummerJam/UI/WBP_VideoTransition.uasset" 218
"D:/UnrealProjects/UE4SummerJam/Content/UE4SummerJam/Core/BP_LevelController.uasset" 219
"D:/UnrealProjects/UE4SummerJam/Content/UE4SummerJam/Core/BP_IceCreamController.uasset" 220
"D:/UnrealProjects/UE4SummerJam/Content/Invisible.uasset" 221
"D:/UnrealProjects/UE4SummerJam/Content/UE4SummerJam/icecream_basecolour.uasset" 222
"D:/UnrealProjects/UE4SummerJam/Content/UE4SummerJam/ice_cream.uasset" 223
"D:/UnrealProjects/UE4SummerJam/Content/UE4SummerJam/ice_cream_tub_BaseColor.uasset" 224
"D:/UnrealProjects/UE4SummerJam/Content/UE4SummerJam/ice_cream_tub_Normal.uasset" 225
"D:/UnrealProjects/UE4SummerJam/Content/UE4SummerJam/ice_cream_tub_OcclusionRoughnessMetallic.uasset" 226
"D:/UnrealProjects/UE4SummerJam/Content/UE4SummerJam/ice_cream_tub.uasset" 227
"D:/UnrealProjects/UE4SummerJam/Content/UE4SummerJam/ice_cream_tub001.uasset" 228
"D:/UnrealProjects/UE4SummerJam/Content/UE4SummerJam/Sound/IceCreamCue.uasset" 229
"D:/UnrealProjects/UE4SummerJam/Content/UE4SummerJam/Core/BP_Interactable.uasset" 230
"D:/UnrealProjects/UE4SummerJam/Content/UE4SummerJam/Characters/BP_3DCharacter.uasset" 231
"D:/UnrealProjects/UE4SummerJam/Content/UE4SummerJam/Characters/OldMan/Falling.uasset" 232
"D:/UnrealProjects/UE4SummerJam/Content/UE4SummerJam/Characters/OldMan/oldman_BaseColor.uasset" 233
"D:/UnrealProjects/UE4SummerJam/Content/UE4SummerJam/Characters/OldMan/oldman_Normal.uasset" 234
"D:/UnrealProjects/UE4SummerJam/Content/UE4SummerJam/Characters/OldMan/oldman_OcclusionRoughnessMetallic.uasset" 235
"D:/UnrealProjects/UE4SummerJam/Content/UE4SummerJam/Characters/OldMan/lambert7.uasset" 236
"D:/UnrealProjects/UE4SummerJam/Content/UE4SummerJam/Characters/OldMan/left_eye2.uasset" 237
"D:/UnrealProjects/UE4SummerJam/Content/UE4SummerJam/Characters/OldMan/mouth2.uasset" 238
"D:/UnrealProjects/UE4SummerJam/Content/UE4SummerJam/Characters/OldMan/right_eye2.uasset" 239
"D:/UnrealProjects/UE4SummerJam/Content/UE4SummerJam/Characters/OldMan/old_man_rigged_PhysicsAsset.uasset" 240
"D:/UnrealProjects/UE4SummerJam/Content/UE4SummerJam/Characters/OldMan/old_man_rigged.uasset" 241
"D:/UnrealProjects/UE4SummerJam/Content/UE4SummerJam/Characters/BP_FallingCharacter.uasset" 242
"D:/UnrealProjects/UE4SummerJam/Content/UE4SummerJam/Core/BTT_RotateDegrees.uasset" 243
"D:/UnrealProjects/UE4SummerJam/Content/UE4SummerJam/Core/BT_GuardAI.uasset" 244
"D:/UnrealProjects/UE4SummerJam/Content/UE4SummerJam/Core/BP_GuardAIController.uasset" 245
"D:/UnrealProjects/UE4SummerJam/Content/UE4SummerJam/Environment/Updates/Security_guard/New_textures/Security_guard001_BaseColor.uasset" 246
"D:/UnrealProjects/UE4SummerJam/Content/UE4SummerJam/Environment/Updates/Security_guard/New_textures/Security_guard001_Normal.uasset" 247
"D:/UnrealProjects/UE4SummerJam/Content/UE4SummerJam/Environment/Updates/Security_guard/New_textures/Security_guard001_OcclusionRoughnessMetallic.uasset" 248
"D:/UnrealProjects/UE4SummerJam/Content/UE4SummerJam/Environment/Updates/Security_guard/Security_guard1.uasset" 249
"D:/UnrealProjects/UE4SummerJam/Content/UE4SummerJam/Environment/Updates/Security_guard/T-Pose_security_guard_PhysicsAsset.uasset" 250
"D:/UnrealProjects/UE4SummerJam/Content/UE4SummerJam/Environment/Updates/Security_guard/T-Pose_security_guard.uasset" 251
"D:/UnrealProjects/UE4SummerJam/Content/UE4SummerJam/Core/BP_Guard.uasset" 252
"D:/UnrealProjects/UE4SummerJam/Content/UE4SummerJam/Core/BP_PaintingController.uasset" 253
"D:/UnrealProjects/UE4SummerJam/Content/UE4SummerJam/Environment/ArtGallery/painting_BaseColor.uasset" 254
"D:/UnrealProjects/UE4SummerJam/Content/UE4SummerJam/Environment/ArtGallery/painting_Normal.uasset" 255
"D:/UnrealProjects/UE4SummerJam/Content/UE4SummerJam/Environment/ArtGallery/painting_OcclusionRoughnessMetallic.uasset" 256
"D:/UnrealProjects/UE4SummerJam/Content/UE4SummerJam/Environment/ArtGallery/m_painting.uasset" 257
"D:/UnrealProjects/UE4SummerJam/Content/UE4SummerJam/Environment/ArtGallery/painting.uasset" 258
"D:/UnrealProjects/UE4SummerJam/Content/UE4SummerJam/Sound/light_switch.uasset" 259
"D:/UnrealProjects/UE4SummerJam/Content/UE4SummerJam/Sound/light_switch_Cue.uasset" 260
"D:/UnrealProjects/UE4SummerJam/Content/UE4SummerJam/Environment/ArtGallery/BP_Painting.uasset" 261
"D:/UnrealProjects/UE4SummerJam/Content/UE4SummerJam/Core/Mat_Green.uasset" 262
"D:/UnrealProjects/UE4SummerJam/Content/UE4SummerJam/Core/Mat_Red.uasset" 263
"D:/UnrealProjects/UE4SummerJam/Content/StarterContent/Textures/T_Burst_M.uasset" 264
"D:/UnrealProjects/UE4SummerJam/Content/StarterContent/Particles/Materials/M_Burst.uasset" 265
"D:/UnrealProjects/UE4SummerJam/Content/StarterContent/Textures/T_Explosion_SubUV.uasset" 266
"D:/UnrealProjects/UE4SummerJam/Content/StarterContent/Particles/Materials/M_explosion_subUV.uasset" 267
"D:/UnrealProjects/UE4SummerJam/Content/StarterContent/Particles/Materials/m_flare_01.uasset" 268
"../../../Engine/Content/Functions/Engine_MaterialFunctions01/Gradient/RadialGradient.uasset" 269
"D:/UnrealProjects/UE4SummerJam/Content/StarterContent/Particles/Materials/M_radial_ramp.uasset" 270
"D:/UnrealProjects/UE4SummerJam/Content/StarterContent/Textures/T_Smoke_SubUV.uasset" 271
"D:/UnrealProjects/UE4SummerJam/Content/StarterContent/Textures/T_Smoke_Tiled_D.uasset" 272
"D:/UnrealProjects/UE4SummerJam/Content/StarterContent/Particles/Materials/M_smoke_subUV.uasset" 273
"D:/UnrealProjects/UE4SummerJam/Content/StarterContent/Particles/P_Explosion.uasset" 274
"D:/UnrealProjects/UE4SummerJam/Content/UE4SummerJam/Environment/Bomb/NewBombTextures/bomb_bomb_BaseColor.uasset" 275
"D:/UnrealProjects/UE4SummerJam/Content/UE4SummerJam/Environment/Bomb/NewBombTextures/bomb_bomb_Normal.uasset" 276
"D:/UnrealProjects/UE4SummerJam/Content/UE4SummerJam/Environment/Bomb/NewBombTextures/bomb_bomb_OcclusionRoughnessMetallic.uasset" 277
"D:/UnrealProjects/UE4SummerJam/Content/UE4SummerJam/Environment/Bomb/NewBombTextures/NewBombMat.uasset" 278
"D:/UnrealProjects/UE4SummerJam/Content/UE4SummerJam/Environment/Bomb/Models/bomb_separate_wires_bomb4.uasset" 279
"D:/UnrealProjects/UE4SummerJam/Content/UE4SummerJam/Environment/Bomb/bomb.uasset" 280
"D:/UnrealProjects/UE4SummerJam/Content/UE4SummerJam/Environment/Bomb/single_cut_wire.uasset" 281
"D:/UnrealProjects/UE4SummerJam/Content/UE4SummerJam/Environment/Bomb/bomb3.uasset" 282
"D:/UnrealProjects/UE4SummerJam/Content/UE4SummerJam/Environment/Bomb/single_uncut_wire.uasset" 283
"D:/UnrealProjects/UE4SummerJam/Content/UE4SummerJam/Sound/beep.uasset" 284
"D:/UnrealProjects/UE4SummerJam/Content/UE4SummerJam/Sound/beep_Cue.uasset" 285
"D:/UnrealProjects/UE4SummerJam/Content/UE4SummerJam/Sound/explosion.uasset" 286
"D:/UnrealProjects/UE4SummerJam/Content/UE4SummerJam/Sound/wire_cut.uasset" 287
"D:/UnrealProjects/UE4SummerJam/Content/UE4SummerJam/Core/BP_Bomb.uasset" 288
"D:/UnrealProjects/UE4SummerJam/Content/UE4SummerJam/Core/BP_Bomb2.uasset" 289
"D:/UnrealProjects/UE4SummerJam/Content/Mat_Yellow.uasset" 290
"D:/UnrealProjects/UE4SummerJam/Content/UE4SummerJam/Core/BP_Bomb3.uasset" 291
"../../../Engine/Content/EngineSky/C_Sky_Cloud_Color.uasset" 292
"../../../Engine/Content/EngineSky/C_Sky_Horizon_Color.uasset" 293
"../../../Engine/Content/EngineSky/C_Sky_Zenith_Color.uasset" 294
"../../../Engine/Content/EngineSky/T_Sky_Blue.uasset" 295
"../../../Engine/Content/EngineSky/T_Sky_Clouds_M.uasset" 296
"../../../Engine/Content/EngineSky/T_Sky_Stars.uasset" 297
"../../../Engine/Content/EngineSky/M_Sky_Panning_Clouds2.uasset" 298
"../../../Engine/Content/EngineSky/SM_SkySphere.uasset" 299
"../../../Engine/Content/EngineSky/BP_Sky_Sphere.uasset" 300
"D:/UnrealProjects/UE4SummerJam/Content/UE4SummerJam/Environment/Sharks/Models/Falling__1__Skeleton.uasset" 301
"D:/UnrealProjects/UE4SummerJam/Content/UE4SummerJam/Environment/Sharks/Models/Falling__1__Anim_mixamo_com.uasset" 302
"D:/UnrealProjects/UE4SummerJam/Content/UE4SummerJam/Environment/Sharks/textures/Shark_lambert1_BaseColor.uasset" 303
"D:/UnrealProjects/UE4SummerJam/Content/UE4SummerJam/Environment/Sharks/textures/Shark_lambert1_Normal.uasset" 304
"D:/UnrealProjects/UE4SummerJam/Content/UE4SummerJam/Environment/Sharks/textures/Shark_lambert1_OcclusionRoughnessMetallic.uasset" 305
"D:/UnrealProjects/UE4SummerJam/Content/UE4SummerJam/Environment/Sharks/Models/lambert1.uasset" 306
"D:/UnrealProjects/UE4SummerJam/Content/UE4SummerJam/Environment/Sharks/Models/Falling__1__PhysicsAsset.uasset" 307
"D:/UnrealProjects/UE4SummerJam/Content/UE4SummerJam/Environment/Sharks/Models/Falling__1_.uasset" 308
"D:/UnrealProjects/UE4SummerJam/Content/BP_AirCollision.uasset" 309
"D:/UnrealProjects/UE4SummerJam/Content/UE4SummerJam/Core/BP_BombPawn.uasset" 310
"D:/UnrealProjects/UE4SummerJam/Content/UE4SummerJam/hand_icon.uasset" 311
"D:/UnrealProjects/UE4SummerJam/Content/UE4SummerJam/hand_icon_Mat.uasset" 312
"D:/UnrealProjects/UE4SummerJam/Content/UE4SummerJam/WBP_MouseIcon.uasset" 313
"D:/UnrealProjects/UE4SummerJam/Content/UE4SummerJam/Core/BP_MuseumPawn.uasset" 314
"D:/UnrealProjects/UE4SummerJam/Content/UE4SummerJam/Environment/Flag/flag_textures/flag_lambert1_BaseColor.uasset" 315
"D:/UnrealProjects/UE4SummerJam/Content/UE4SummerJam/Environment/Flag/flag_textures/flag_lambert1_Normal.uasset" 316
"D:/UnrealProjects/UE4SummerJam/Content/UE4SummerJam/Environment/Flag/flag_textures/flag_lambert1_OcclusionRoughnessMetallic.uasset" 317
"D:/UnrealProjects/UE4SummerJam/Content/UE4SummerJam/Environment/Flag/flagmat.uasset" 318
"D:/UnrealProjects/UE4SummerJam/Content/UE4SummerJam/Environment/mountain_textures/mountain_basecolour.uasset" 319
"D:/UnrealProjects/UE4SummerJam/Content/UE4SummerJam/Environment/mountain_textures/snow_Normal.uasset" 320
"D:/UnrealProjects/UE4SummerJam/Content/UE4SummerJam/Environment/mountain_textures/Purple.uasset" 321
"../../../Engine/Content/BasicShapes/Sphere.uasset" 322
"D:/UnrealProjects/UE4SummerJam/Content/StarterContent/Materials/M_Basic_Wall.uasset" 323
"D:/UnrealProjects/UE4SummerJam/Content/StarterContent/Shapes/Shape_Sphere.uasset" 324
"D:/UnrealProjects/UE4SummerJam/Content/UE4SummerJam/Core/BP_OverlapGoal.uasset" 325
"D:/UnrealProjects/UE4SummerJam/Content/UE4SummerJam/Environment/Mountain/Rocks/textures/rocks_low_grass_lambert1_BaseColor.uasset" 326
"D:/UnrealProjects/UE4SummerJam/Content/UE4SummerJam/Environment/Mountain/Rocks/textures/rocks_low_grass_lambert1_Normal.uasset" 327
"D:/UnrealProjects/UE4SummerJam/Content/UE4SummerJam/Environment/Mountain/Rocks/textures/rocks_low_grass_lambert1_OcclusionRoughnessMetallic.uasset" 328
"D:/UnrealProjects/UE4SummerJam/Content/UE4SummerJam/Environment/Mountain/Rocks/lambert1.uasset" 329
"D:/UnrealProjects/UE4SummerJam/Content/UE4SummerJam/Environment/Mountain/Rocks/Rock_1.uasset" 330
"D:/UnrealProjects/UE4SummerJam/Content/UE4SummerJam/Environment/Mountain/Rocks/Rock_1_FoliageType.uasset" 331
"D:/UnrealProjects/UE4SummerJam/Content/UE4SummerJam/Environment/Mountain/Rocks/Rock_2.uasset" 332
"D:/UnrealProjects/UE4SummerJam/Content/UE4SummerJam/Environment/Mountain/Rocks/Rock_2_FoliageType.uasset" 333
"D:/UnrealProjects/UE4SummerJam/Content/UE4SummerJam/Environment/Mountain/Rocks/Rock_3.uasset" 334
"D:/UnrealProjects/UE4SummerJam/Content/UE4SummerJam/Environment/Mountain/Rocks/Rock_3_FoliageType.uasset" 335
"D:/UnrealProjects/UE4SummerJam/Content/UE4SummerJam/Maps/MainMap_sharedassets/Base_LayerInfo.uasset" 336
"D:/UnrealProjects/UE4SummerJam/Content/UE4SummerJam/Maps/MainMap_sharedassets/Snow_LayerInfo.uasset" 337
"D:/UnrealProjects/UE4SummerJam/Content/UE4SummerJam/Maps/MainMap_BuiltData.uasset" 338
"D:/UnrealProjects/UE4SummerJam/Content/cross.uasset" 339
"D:/UnrealProjects/UE4SummerJam/Content/cross_alpha.uasset" 340
"D:/UnrealProjects/UE4SummerJam/Content/cross_Mat.uasset" 341
"D:/UnrealProjects/UE4SummerJam/Content/firtree_snow_basecolour.uasset" 342
"D:/UnrealProjects/UE4SummerJam/Content/firtree_snow_basecolour_Mat.uasset" 343
"D:/UnrealProjects/UE4SummerJam/Content/Floor_texture.uasset" 344
"D:/UnrealProjects/UE4SummerJam/Content/Floor_texture_Mat.uasset" 345
"D:/UnrealProjects/UE4SummerJam/Content/Floor_texture_Mat1.uasset" 346
"D:/UnrealProjects/UE4SummerJam/Content/snowymountain_background.uasset" 347
"D:/UnrealProjects/UE4SummerJam/Content/snowymountain_background_Mat.uasset" 348
"D:/UnrealProjects/UE4SummerJam/Content/StarterContent/Textures/T_MacroVariation.uasset" 349
"D:/UnrealProjects/UE4SummerJam/Content/StarterContent/Textures/T_Wood_Oak_D.uasset" 350
"D:/UnrealProjects/UE4SummerJam/Content/StarterContent/Textures/T_Wood_Oak_N.uasset" 351
"D:/UnrealProjects/UE4SummerJam/Content/StarterContent/Materials/M_Wood_Oak.uasset" 352
"D:/UnrealProjects/UE4SummerJam/Content/UE4SummerJam/Environment/IceCreamTextures/Icecream_floor.uasset" 353
"D:/UnrealProjects/UE4SummerJam/Content/UE4SummerJam/Environment/Ice-cream_parlor/Ice-cream_parlor/Walls___floor/Icecream_floor_Mat.uasset" 354
"D:/UnrealProjects/UE4SummerJam/Content/UE4SummerJam/Environment/IceCreamTextures/Icecream_wall.uasset" 355
"D:/UnrealProjects/UE4SummerJam/Content/UE4SummerJam/Environment/Ice-cream_parlor/Ice-cream_parlor/Walls___floor/Icecream_wall_Mat.uasset" 356
"D:/UnrealProjects/UE4SummerJam/Content/UE4SummerJam/Environment/mountain_textures/snow_OcclusionRoughnessMetallic.uasset" 357
"D:/UnrealProjects/UE4SummerJam/Content/UE4SummerJam/Environment/Snow/snow_lambert1_BaseColor.uasset" 358
"D:/UnrealProjects/UE4SummerJam/Content/UE4SummerJam/Environment/Snow/snow_lambert1_Normal.uasset" 359
"D:/UnrealProjects/UE4SummerJam/Content/UE4SummerJam/Environment/mountain_textures/M_MountainMaterial.uasset" 360
"D:/UnrealProjects/UE4SummerJam/Content/UE4SummerJam/Environment/Museum/Museum_walls/wall_plane_lambert1_BaseColor.uasset" 361
"D:/UnrealProjects/UE4SummerJam/Content/UE4SummerJam/Environment/Museum/Museum_walls/wall_plane_lambert1_Normal.uasset" 362
"D:/UnrealProjects/UE4SummerJam/Content/UE4SummerJam/Environment/Museum/Museum_walls/wall_plane_lambert1_OcclusionRoughnessMetallic.uasset" 363
"D:/UnrealProjects/UE4SummerJam/Content/UE4SummerJam/Environment/Museum/Museum_walls/M_MuseumWall.uasset" 364
"D:/UnrealProjects/UE4SummerJam/Content/UE4SummerJam/grass_texture_001.uasset" 365
"D:/UnrealProjects/UE4SummerJam/Content/UE4SummerJam/grass_texture_001_Mat.uasset" 366
"../../../Engine/Content/BasicShapes/Cube.uasset" 367
"../../../Engine/Content/BasicShapes/Plane.uasset" 368
"../../../Engine/Content/EngineMaterials/DefaultPhysicalMaterial.uasset" 369
"D:/UnrealProjects/UE4SummerJam/Content/StarterContent/Materials/M_Basic_Floor.uasset" 370
"D:/UnrealProjects/UE4SummerJam/Content/StarterContent/Architecture/Floor_400x400.uasset" 371
"D:/UnrealProjects/UE4SummerJam/Content/UE4SummerJam/Environment/Flag/flag.uasset" 372
"D:/UnrealProjects/UE4SummerJam/Content/UE4SummerJam/Environment/Ice-cream_parlor/Table/textures/Icecreamtable_lBaseColor.uasset" 373
"D:/UnrealProjects/UE4SummerJam/Content/UE4SummerJam/Environment/Ice-cream_parlor/Table/textures/Icecreamtable_Normal.uasset" 374
"D:/UnrealProjects/UE4SummerJam/Content/UE4SummerJam/Environment/Ice-cream_parlor/Table/textures/Icecreamtable_OcclusionRoughnessMetallic.uasset" 375
"D:/UnrealProjects/UE4SummerJam/Content/UE4SummerJam/Environment/Ice-cream_parlor/Table/lambert1.uasset" 376
"D:/UnrealProjects/UE4SummerJam/Content/UE4SummerJam/Environment/Ice-cream_parlor/Table/Icecreamtable.uasset" 377
"D:/UnrealProjects/UE4SummerJam/Content/UE4SummerJam/Environment/Mountain/FIr_tree/fir_tree.uasset" 378
"D:/UnrealProjects/UE4SummerJam/Content/UE4SummerJam/Environment/Mountain/Snowy_ledge/Textures/snowyledge_low_lambert1_BaseColor.uasset" 379
"D:/UnrealProjects/UE4SummerJam/Content/UE4SummerJam/Environment/Mountain/Snowy_ledge/Textures/snowyledge_low_lambert1_Normal.uasset" 380
"D:/UnrealProjects/UE4SummerJam/Content/UE4SummerJam/Environment/Mountain/Snowy_ledge/Textures/snowyledge_low_lambert1_OcclusionRoughnessMetallic.uasset" 381
"D:/UnrealProjects/UE4SummerJam/Content/UE4SummerJam/Environment/Mountain/Snowy_ledge/lambert1.uasset" 382
"D:/UnrealProjects/UE4SummerJam/Content/UE4SummerJam/Environment/Mountain/Snowy_ledge/snowy_ledge.uasset" 383
"D:/UnrealProjects/UE4SummerJam/Content/UE4SummerJam/Environment/Museum/Bench/Textures/Bench_BaseColor.uasset" 384
"D:/UnrealProjects/UE4SummerJam/Content/UE4SummerJam/Environment/Museum/Bench/Textures/Bench_Normal.uasset" 385
"D:/UnrealProjects/UE4SummerJam/Content/UE4SummerJam/Environment/Museum/Bench/Textures/Bench_OcclusionRoughnessMetallic.uasset" 386
"D:/UnrealProjects/UE4SummerJam/Content/UE4SummerJam/Environment/Museum/Bench/Model/lambert1.uasset" 387
"D:/UnrealProjects/UE4SummerJam/Content/UE4SummerJam/Environment/Museum/Bench/Model/Bench.uasset" 388
"D:/UnrealProjects/UE4SummerJam/Content/UE4SummerJam/Environment/Museum/Pot_plant/Textures/potplant_BaseColor.uasset" 389
"D:/UnrealProjects/UE4SummerJam/Content/UE4SummerJam/Environment/Museum/Pot_plant/Textures/potplant_Normal.uasset" 390
"D:/UnrealProjects/UE4SummerJam/Content/UE4SummerJam/Environment/Museum/Pot_plant/Textures/potplant_OcclusionRoughnessMetallic.uasset" 391
"D:/UnrealProjects/UE4SummerJam/Content/UE4SummerJam/Environment/Museum/Pot_plant/Model/lambert1.uasset" 392
"D:/UnrealProjects/UE4SummerJam/Content/UE4SummerJam/Environment/Museum/Pot_plant/Model/Pot_plant.uasset" 393
"D:/UnrealProjects/UE4SummerJam/Content/UE4SummerJam/Environment/Museum/Rope_barrier/Textures/Rope_BaseColor.uasset" 394
"D:/UnrealProjects/UE4SummerJam/Content/UE4SummerJam/Environment/Museum/Rope_barrier/Textures/Rope_Normal.uasset" 395
"D:/UnrealProjects/UE4SummerJam/Content/UE4SummerJam/Environment/Museum/Rope_barrier/Textures/Rope_OcclusionRoughnessMetallic.uasset" 396
"D:/UnrealProjects/UE4SummerJam/Content/UE4SummerJam/Environment/Museum/Rope_barrier/Model/lambert1.uasset" 397
"D:/UnrealProjects/UE4SummerJam/Content/UE4SummerJam/Environment/Museum/Rope_barrier/Model/Rope_barrier.uasset" 398
"D:/UnrealProjects/UE4SummerJam/Content/UE4SummerJam/Environment/Neon_sign/Textures/ice_cream_sign_lambert7_BaseColor.uasset" 399
"D:/UnrealProjects/UE4SummerJam/Content/UE4SummerJam/Environment/Neon_sign/Textures/ice_cream_sign_lambert7_Normal.uasset" 400
"D:/UnrealProjects/UE4SummerJam/Content/UE4SummerJam/Environment/Neon_sign/Textures/ice_cream_sign_lambert7_OcclusionRoughnessMetallic.uasset" 401
"D:/UnrealProjects/UE4SummerJam/Content/UE4SummerJam/Environment/Neon_sign/Model/lambert7.uasset" 402
"D:/UnrealProjects/UE4SummerJam/Content/UE4SummerJam/Environment/Neon_sign/Model/ice_cream_sign.uasset" 403
"D:/UnrealProjects/UE4SummerJam/Content/UE4SummerJam/Sound/Music_theme.uasset" 404
"D:/UnrealProjects/UE4SummerJam/Content/UE4SummerJam/Maps/MainMap.umap" 405
"D:/UnrealProjects/UE4SummerJam/Content/UE4SummerJam/Sound/title_music.uasset" 406
"D:/UnrealProjects/UE4SummerJam/Content/Title_screen001.uasset" 407
"D:/UnrealProjects/UE4SummerJam/Content/TitleScreen.uasset" 408
"D:/UnrealProjects/UE4SummerJam/Content/TitleScreen_Video.uasset" 409
"D:/UnrealProjects/UE4SummerJam/Content/Movies/opening.uasset" 410
"D:/UnrealProjects/UE4SummerJam/Content/Openingvideo.uasset" 411
"D:/UnrealProjects/UE4SummerJam/Content/NewMediaPlayer_Video1.uasset" 412
"D:/UnrealProjects/UE4SummerJam/Content/WBP_Story.uasset" 413
"D:/UnrealProjects/UE4SummerJam/Content/UE4SummerJam/UI/WBP_TitleMenu.uasset" 414
"D:/UnrealProjects/UE4SummerJam/Content/UE4SummerJam/Maps/TitleScreenMap.umap" 415
"../../../Engine/Content/Maps/Entry_BuiltData.uasset" 416
"../../../Engine/Content/Maps/Entry.umap" 417
